2020-12-16 16:00:18,792 [main] ERROR com.hust.hui.alarm.core.loader.helper.RegisterInfoLoaderHelper - load register info error: {}
java.lang.NumberFormatException: null
	at java.lang.Integer.parseInt(Integer.java:542) ~[na:1.8.0_151]
	at java.lang.Integer.valueOf(Integer.java:766) ~[na:1.8.0_151]
	at com.hust.hui.alarm.core.loader.util.PropertiesUtil.parseObj(PropertiesUtil.java:58) ~[classes/:na]
	at com.hust.hui.alarm.core.loader.util.PropertiesUtil.copy(PropertiesUtil.java:52) ~[classes/:na]
	at com.hust.hui.alarm.core.loader.helper.RegisterInfoLoaderHelper.load(RegisterInfoLoaderHelper.java:32) ~[classes/:na]
	at com.hust.hui.alarm.core.loader.spi.PropertiesConfLoader.load(PropertiesConfLoader.java:35) [classes/:na]
	at com.hust.hui.alarm.core.loader.ConfLoaderFactory.initConfLoader(ConfLoaderFactory.java:42) [classes/:na]
	at com.hust.hui.alarm.core.loader.ConfLoaderFactory.loader(ConfLoaderFactory.java:19) [classes/:na]
	at com.hust.hui.alarm.core.AlarmWrapper.<init>(AlarmWrapper.java:53) [classes/:na]
	at com.hust.hui.alarm.core.AlarmWrapper.<init>(AlarmWrapper.java:24) [classes/:na]
	at com.hust.hui.alarm.core.AlarmWrapper$InnerInstance.<clinit>(AlarmWrapper.java:43) [classes/:na]
	at com.hust.hui.alarm.core.AlarmWrapper.getInstance(AlarmWrapper.java:38) [classes/:na]
	at com.hust.hui.alarm.core.test.AlarmTest.testMultiConfLoader(AlarmTest.java:32) [test-classes/:na]
	at sun.reflect.NativeMethodAccessorImpl.invoke0(Native Method) ~[na:1.8.0_151]
	at sun.reflect.NativeMethodAccessorImpl.invoke(NativeMethodAccessorImpl.java:62) ~[na:1.8.0_151]
	at sun.reflect.DelegatingMethodAccessorImpl.invoke(DelegatingMethodAccessorImpl.java:43) ~[na:1.8.0_151]
	at java.lang.reflect.Method.invoke(Method.java:498) ~[na:1.8.0_151]
	at org.junit.runners.model.FrameworkMethod$1.runReflectiveCall(FrameworkMethod.java:50) [junit-4.12.jar:4.12]
	at org.junit.internal.runners.model.ReflectiveCallable.run(ReflectiveCallable.java:12) [junit-4.12.jar:4.12]
	at org.junit.runners.model.FrameworkMethod.invokeExplosively(FrameworkMethod.java:47) [junit-4.12.jar:4.12]
	at org.junit.internal.runners.statements.InvokeMethod.evaluate(InvokeMethod.java:17) [junit-4.12.jar:4.12]
	at org.junit.runners.ParentRunner.runLeaf(ParentRunner.java:325) [junit-4.12.jar:4.12]
	at org.junit.runners.BlockJUnit4ClassRunner.runChild(BlockJUnit4ClassRunner.java:78) [junit-4.12.jar:4.12]
	at org.junit.runners.BlockJUnit4ClassRunner.runChild(BlockJUnit4ClassRunner.java:57) [junit-4.12.jar:4.12]
	at org.junit.runners.ParentRunner$3.run(ParentRunner.java:290) [junit-4.12.jar:4.12]
	at org.junit.runners.ParentRunner$1.schedule(ParentRunner.java:71) [junit-4.12.jar:4.12]
	at org.junit.runners.ParentRunner.runChildren(ParentRunner.java:288) [junit-4.12.jar:4.12]
	at org.junit.runners.ParentRunner.access$000(ParentRunner.java:58) [junit-4.12.jar:4.12]
	at org.junit.runners.ParentRunner$2.evaluate(ParentRunner.java:268) [junit-4.12.jar:4.12]
	at org.junit.runners.ParentRunner.run(ParentRunner.java:363) [junit-4.12.jar:4.12]
	at org.apache.maven.surefire.junit4.JUnit4Provider.execute(JUnit4Provider.java:252) [surefire-junit4-2.12.4.jar:2.12.4]
	at org.apache.maven.surefire.junit4.JUnit4Provider.executeTestSet(JUnit4Provider.java:141) [surefire-junit4-2.12.4.jar:2.12.4]
	at org.apache.maven.surefire.junit4.JUnit4Provider.invoke(JUnit4Provider.java:112) [surefire-junit4-2.12.4.jar:2.12.4]
	at sun.reflect.NativeMethodAccessorImpl.invoke0(Native Method) ~[na:1.8.0_151]
	at sun.reflect.NativeMethodAccessorImpl.invoke(NativeMethodAccessorImpl.java:62) ~[na:1.8.0_151]
	at sun.reflect.DelegatingMethodAccessorImpl.invoke(DelegatingMethodAccessorImpl.java:43) ~[na:1.8.0_151]
	at java.lang.reflect.Method.invoke(Method.java:498) ~[na:1.8.0_151]
	at org.apache.maven.surefire.util.ReflectionUtils.invokeMethodWithArray(ReflectionUtils.java:189) [surefire-api-2.12.4.jar:2.12.4]
	at org.apache.maven.surefire.booter.ProviderFactory$ProviderProxy.invoke(ProviderFactory.java:165) [surefire-booter-2.12.4.jar:2.12.4]
	at org.apache.maven.surefire.booter.ProviderFactory.invokeProvider(ProviderFactory.java:85) [surefire-booter-2.12.4.jar:2.12.4]
	at org.apache.maven.surefire.booter.ForkedBooter.runSuitesInProcess(ForkedBooter.java:115) [surefire-booter-2.12.4.jar:2.12.4]
	at org.apache.maven.surefire.booter.ForkedBooter.main(ForkedBooter.java:75) [surefire-booter-2.12.4.jar:2.12.4]
2020-12-16 16:00:18,816 [sms-sender1-thread-1] DEBUG alarm - NONE mock! users: [yihui], title: ????ConfLoader??, msg: ???????!
2020-12-16 16:00:18,816 [sms-sender1-thread-2] DEBUG alarm - NONE mock! users: [yihui], title: SelfAlarmConfLoader??, msg: ???????!
2020-12-16 16:00:18,816 [sms-sender1-thread-3] DEBUG alarm - NONE mock! users: [yihui], title: NPE??, msg:  ip:192.168.2.12 >>> key:NPE >>> ???:1 >>> ??NPE???!!!
2020-12-16 16:00:18,817 [sms-sender1-thread-1] DEBUG alarm - NONE mock! users: [yihui], title: ???xxx????, msg:  ip:192.168.2.12 >>> key:zzz >>> ???:1 >>> ??????
2020-12-16 16:04:25,730 [main] ERROR com.hust.hui.alarm.core.loader.helper.RegisterInfoLoaderHelper - load register info error: {}
java.lang.NumberFormatException: null
	at java.lang.Integer.parseInt(Integer.java:542) ~[na:1.8.0_151]
	at java.lang.Integer.valueOf(Integer.java:766) ~[na:1.8.0_151]
	at com.hust.hui.alarm.core.loader.util.PropertiesUtil.parseObj(PropertiesUtil.java:58) ~[classes/:na]
	at com.hust.hui.alarm.core.loader.util.PropertiesUtil.copy(PropertiesUtil.java:52) ~[classes/:na]
	at com.hust.hui.alarm.core.loader.helper.RegisterInfoLoaderHelper.load(RegisterInfoLoaderHelper.java:32) ~[classes/:na]
	at com.hust.hui.alarm.core.loader.spi.PropertiesConfLoader.load(PropertiesConfLoader.java:35) [classes/:na]
	at com.hust.hui.alarm.core.loader.ConfLoaderFactory.initConfLoader(ConfLoaderFactory.java:42) [classes/:na]
	at com.hust.hui.alarm.core.loader.ConfLoaderFactory.loader(ConfLoaderFactory.java:19) [classes/:na]
	at com.hust.hui.alarm.core.AlarmWrapper.<init>(AlarmWrapper.java:53) [classes/:na]
	at com.hust.hui.alarm.core.AlarmWrapper.<init>(AlarmWrapper.java:24) [classes/:na]
	at com.hust.hui.alarm.core.AlarmWrapper$InnerInstance.<clinit>(AlarmWrapper.java:43) [classes/:na]
	at com.hust.hui.alarm.core.AlarmWrapper.getInstance(AlarmWrapper.java:38) [classes/:na]
	at com.hust.hui.alarm.core.test.AlarmTest.testMultiConfLoader(AlarmTest.java:32) [test-classes/:na]
	at sun.reflect.NativeMethodAccessorImpl.invoke0(Native Method) ~[na:1.8.0_151]
	at sun.reflect.NativeMethodAccessorImpl.invoke(NativeMethodAccessorImpl.java:62) ~[na:1.8.0_151]
	at sun.reflect.DelegatingMethodAccessorImpl.invoke(DelegatingMethodAccessorImpl.java:43) ~[na:1.8.0_151]
	at java.lang.reflect.Method.invoke(Method.java:498) ~[na:1.8.0_151]
	at org.junit.runners.model.FrameworkMethod$1.runReflectiveCall(FrameworkMethod.java:50) [junit-4.12.jar:4.12]
	at org.junit.internal.runners.model.ReflectiveCallable.run(ReflectiveCallable.java:12) [junit-4.12.jar:4.12]
	at org.junit.runners.model.FrameworkMethod.invokeExplosively(FrameworkMethod.java:47) [junit-4.12.jar:4.12]
	at org.junit.internal.runners.statements.InvokeMethod.evaluate(InvokeMethod.java:17) [junit-4.12.jar:4.12]
	at org.junit.runners.ParentRunner.runLeaf(ParentRunner.java:325) [junit-4.12.jar:4.12]
	at org.junit.runners.BlockJUnit4ClassRunner.runChild(BlockJUnit4ClassRunner.java:78) [junit-4.12.jar:4.12]
	at org.junit.runners.BlockJUnit4ClassRunner.runChild(BlockJUnit4ClassRunner.java:57) [junit-4.12.jar:4.12]
	at org.junit.runners.ParentRunner$3.run(ParentRunner.java:290) [junit-4.12.jar:4.12]
	at org.junit.runners.ParentRunner$1.schedule(ParentRunner.java:71) [junit-4.12.jar:4.12]
	at org.junit.runners.ParentRunner.runChildren(ParentRunner.java:288) [junit-4.12.jar:4.12]
	at org.junit.runners.ParentRunner.access$000(ParentRunner.java:58) [junit-4.12.jar:4.12]
	at org.junit.runners.ParentRunner$2.evaluate(ParentRunner.java:268) [junit-4.12.jar:4.12]
	at org.junit.runners.ParentRunner.run(ParentRunner.java:363) [junit-4.12.jar:4.12]
	at org.apache.maven.surefire.junit4.JUnit4Provider.execute(JUnit4Provider.java:252) [surefire-junit4-2.12.4.jar:2.12.4]
	at org.apache.maven.surefire.junit4.JUnit4Provider.executeTestSet(JUnit4Provider.java:141) [surefire-junit4-2.12.4.jar:2.12.4]
	at org.apache.maven.surefire.junit4.JUnit4Provider.invoke(JUnit4Provider.java:112) [surefire-junit4-2.12.4.jar:2.12.4]
	at sun.reflect.NativeMethodAccessorImpl.invoke0(Native Method) ~[na:1.8.0_151]
	at sun.reflect.NativeMethodAccessorImpl.invoke(NativeMethodAccessorImpl.java:62) ~[na:1.8.0_151]
	at sun.reflect.DelegatingMethodAccessorImpl.invoke(DelegatingMethodAccessorImpl.java:43) ~[na:1.8.0_151]
	at java.lang.reflect.Method.invoke(Method.java:498) ~[na:1.8.0_151]
	at org.apache.maven.surefire.util.ReflectionUtils.invokeMethodWithArray(ReflectionUtils.java:189) [surefire-api-2.12.4.jar:2.12.4]
	at org.apache.maven.surefire.booter.ProviderFactory$ProviderProxy.invoke(ProviderFactory.java:165) [surefire-booter-2.12.4.jar:2.12.4]
	at org.apache.maven.surefire.booter.ProviderFactory.invokeProvider(ProviderFactory.java:85) [surefire-booter-2.12.4.jar:2.12.4]
	at org.apache.maven.surefire.booter.ForkedBooter.runSuitesInProcess(ForkedBooter.java:115) [surefire-booter-2.12.4.jar:2.12.4]
	at org.apache.maven.surefire.booter.ForkedBooter.main(ForkedBooter.java:75) [surefire-booter-2.12.4.jar:2.12.4]
2020-12-16 16:04:25,757 [sms-sender1-thread-1] DEBUG alarm - NONE mock! users: [yihui], title: ????ConfLoader??, msg: ???????!
2020-12-16 16:04:25,757 [sms-sender1-thread-2] DEBUG alarm - NONE mock! users: [yihui], title: SelfAlarmConfLoader??, msg: ???????!
2020-12-16 16:04:25,760 [sms-sender1-thread-1] DEBUG alarm - NONE mock! users: [yihui], title: ???xxx????, msg:  ip:192.168.2.12 >>> key:zzz >>> ???:1 >>> ??????
2020-12-16 16:04:25,760 [sms-sender1-thread-3] DEBUG alarm - NONE mock! users: [yihui], title: NPE??, msg:  ip:192.168.2.12 >>> key:NPE >>> ???:1 >>> ??NPE???!!!
2020-12-16 16:23:39,975 [main] ERROR com.hust.hui.alarm.core.loader.helper.RegisterInfoLoaderHelper - load register info error: {}
java.lang.NumberFormatException: null
	at java.lang.Integer.parseInt(Integer.java:542) ~[na:1.8.0_151]
	at java.lang.Integer.valueOf(Integer.java:766) ~[na:1.8.0_151]
	at com.hust.hui.alarm.core.loader.util.PropertiesUtil.parseObj(PropertiesUtil.java:58) ~[classes/:na]
	at com.hust.hui.alarm.core.loader.util.PropertiesUtil.copy(PropertiesUtil.java:52) ~[classes/:na]
	at com.hust.hui.alarm.core.loader.helper.RegisterInfoLoaderHelper.load(RegisterInfoLoaderHelper.java:32) ~[classes/:na]
	at com.hust.hui.alarm.core.loader.spi.PropertiesConfLoader.load(PropertiesConfLoader.java:35) [classes/:na]
	at com.hust.hui.alarm.core.loader.ConfLoaderFactory.initConfLoader(ConfLoaderFactory.java:42) [classes/:na]
	at com.hust.hui.alarm.core.loader.ConfLoaderFactory.loader(ConfLoaderFactory.java:19) [classes/:na]
	at com.hust.hui.alarm.core.AlarmWrapper.<init>(AlarmWrapper.java:53) [classes/:na]
	at com.hust.hui.alarm.core.AlarmWrapper.<init>(AlarmWrapper.java:24) [classes/:na]
	at com.hust.hui.alarm.core.AlarmWrapper$InnerInstance.<clinit>(AlarmWrapper.java:43) [classes/:na]
	at com.hust.hui.alarm.core.AlarmWrapper.getInstance(AlarmWrapper.java:38) [classes/:na]
	at com.hust.hui.alarm.core.test.AlarmTest.testMultiConfLoader(AlarmTest.java:32) [test-classes/:na]
	at sun.reflect.NativeMethodAccessorImpl.invoke0(Native Method) ~[na:1.8.0_151]
	at sun.reflect.NativeMethodAccessorImpl.invoke(NativeMethodAccessorImpl.java:62) ~[na:1.8.0_151]
	at sun.reflect.DelegatingMethodAccessorImpl.invoke(DelegatingMethodAccessorImpl.java:43) ~[na:1.8.0_151]
	at java.lang.reflect.Method.invoke(Method.java:498) ~[na:1.8.0_151]
	at org.junit.runners.model.FrameworkMethod$1.runReflectiveCall(FrameworkMethod.java:50) [junit-4.12.jar:4.12]
	at org.junit.internal.runners.model.ReflectiveCallable.run(ReflectiveCallable.java:12) [junit-4.12.jar:4.12]
	at org.junit.runners.model.FrameworkMethod.invokeExplosively(FrameworkMethod.java:47) [junit-4.12.jar:4.12]
	at org.junit.internal.runners.statements.InvokeMethod.evaluate(InvokeMethod.java:17) [junit-4.12.jar:4.12]
	at org.junit.runners.ParentRunner.runLeaf(ParentRunner.java:325) [junit-4.12.jar:4.12]
	at org.junit.runners.BlockJUnit4ClassRunner.runChild(BlockJUnit4ClassRunner.java:78) [junit-4.12.jar:4.12]
	at org.junit.runners.BlockJUnit4ClassRunner.runChild(BlockJUnit4ClassRunner.java:57) [junit-4.12.jar:4.12]
	at org.junit.runners.ParentRunner$3.run(ParentRunner.java:290) [junit-4.12.jar:4.12]
	at org.junit.runners.ParentRunner$1.schedule(ParentRunner.java:71) [junit-4.12.jar:4.12]
	at org.junit.runners.ParentRunner.runChildren(ParentRunner.java:288) [junit-4.12.jar:4.12]
	at org.junit.runners.ParentRunner.access$000(ParentRunner.java:58) [junit-4.12.jar:4.12]
	at org.junit.runners.ParentRunner$2.evaluate(ParentRunner.java:268) [junit-4.12.jar:4.12]
	at org.junit.runners.ParentRunner.run(ParentRunner.java:363) [junit-4.12.jar:4.12]
	at org.apache.maven.surefire.junit4.JUnit4Provider.execute(JUnit4Provider.java:252) [surefire-junit4-2.12.4.jar:2.12.4]
	at org.apache.maven.surefire.junit4.JUnit4Provider.executeTestSet(JUnit4Provider.java:141) [surefire-junit4-2.12.4.jar:2.12.4]
	at org.apache.maven.surefire.junit4.JUnit4Provider.invoke(JUnit4Provider.java:112) [surefire-junit4-2.12.4.jar:2.12.4]
	at sun.reflect.NativeMethodAccessorImpl.invoke0(Native Method) ~[na:1.8.0_151]
	at sun.reflect.NativeMethodAccessorImpl.invoke(NativeMethodAccessorImpl.java:62) ~[na:1.8.0_151]
	at sun.reflect.DelegatingMethodAccessorImpl.invoke(DelegatingMethodAccessorImpl.java:43) ~[na:1.8.0_151]
	at java.lang.reflect.Method.invoke(Method.java:498) ~[na:1.8.0_151]
	at org.apache.maven.surefire.util.ReflectionUtils.invokeMethodWithArray(ReflectionUtils.java:189) [surefire-api-2.12.4.jar:2.12.4]
	at org.apache.maven.surefire.booter.ProviderFactory$ProviderProxy.invoke(ProviderFactory.java:165) [surefire-booter-2.12.4.jar:2.12.4]
	at org.apache.maven.surefire.booter.ProviderFactory.invokeProvider(ProviderFactory.java:85) [surefire-booter-2.12.4.jar:2.12.4]
	at org.apache.maven.surefire.booter.ForkedBooter.runSuitesInProcess(ForkedBooter.java:115) [surefire-booter-2.12.4.jar:2.12.4]
	at org.apache.maven.surefire.booter.ForkedBooter.main(ForkedBooter.java:75) [surefire-booter-2.12.4.jar:2.12.4]
2020-12-16 16:23:39,997 [sms-sender1-thread-1] DEBUG alarm - NONE mock! users: [yihui], title: ????ConfLoader??, msg: ???????!
2020-12-16 16:23:39,997 [sms-sender1-thread-2] DEBUG alarm - NONE mock! users: [yihui], title: SelfAlarmConfLoader??, msg: ???????!
2020-12-16 16:23:39,998 [sms-sender1-thread-3] DEBUG alarm - NONE mock! users: [yihui], title: NPE??, msg:  ip:192.168.2.12 >>> key:NPE >>> ???:1 >>> ??NPE???!!!
2020-12-16 16:23:39,999 [sms-sender1-thread-1] DEBUG alarm - NONE mock! users: [yihui], title: ???xxx????, msg:  ip:192.168.2.12 >>> key:zzz >>> ???:1 >>> ??????
2020-12-17 15:47:14,929 [main] ERROR com.hust.hui.alarm.core.loader.helper.RegisterInfoLoaderHelper - load register info error: {}
java.lang.NumberFormatException: null
	at java.lang.Integer.parseInt(Integer.java:542) ~[na:1.8.0_151]
	at java.lang.Integer.valueOf(Integer.java:766) ~[na:1.8.0_151]
	at com.hust.hui.alarm.core.loader.util.PropertiesUtil.parseObj(PropertiesUtil.java:58) ~[classes/:na]
	at com.hust.hui.alarm.core.loader.util.PropertiesUtil.copy(PropertiesUtil.java:52) ~[classes/:na]
	at com.hust.hui.alarm.core.loader.helper.RegisterInfoLoaderHelper.load(RegisterInfoLoaderHelper.java:32) ~[classes/:na]
	at com.hust.hui.alarm.core.loader.spi.PropertiesConfLoader.load(PropertiesConfLoader.java:35) [classes/:na]
	at com.hust.hui.alarm.core.loader.ConfLoaderFactory.initConfLoader(ConfLoaderFactory.java:42) [classes/:na]
	at com.hust.hui.alarm.core.loader.ConfLoaderFactory.loader(ConfLoaderFactory.java:19) [classes/:na]
	at com.hust.hui.alarm.core.AlarmWrapper.<init>(AlarmWrapper.java:53) [classes/:na]
	at com.hust.hui.alarm.core.AlarmWrapper.<init>(AlarmWrapper.java:24) [classes/:na]
	at com.hust.hui.alarm.core.AlarmWrapper$InnerInstance.<clinit>(AlarmWrapper.java:43) [classes/:na]
	at com.hust.hui.alarm.core.AlarmWrapper.getInstance(AlarmWrapper.java:38) [classes/:na]
	at com.hust.hui.alarm.core.test.AlarmTest.testMultiConfLoader(AlarmTest.java:32) [test-classes/:na]
	at sun.reflect.NativeMethodAccessorImpl.invoke0(Native Method) ~[na:1.8.0_151]
	at sun.reflect.NativeMethodAccessorImpl.invoke(NativeMethodAccessorImpl.java:62) ~[na:1.8.0_151]
	at sun.reflect.DelegatingMethodAccessorImpl.invoke(DelegatingMethodAccessorImpl.java:43) ~[na:1.8.0_151]
	at java.lang.reflect.Method.invoke(Method.java:498) ~[na:1.8.0_151]
	at org.junit.runners.model.FrameworkMethod$1.runReflectiveCall(FrameworkMethod.java:50) [junit-4.12.jar:4.12]
	at org.junit.internal.runners.model.ReflectiveCallable.run(ReflectiveCallable.java:12) [junit-4.12.jar:4.12]
	at org.junit.runners.model.FrameworkMethod.invokeExplosively(FrameworkMethod.java:47) [junit-4.12.jar:4.12]
	at org.junit.internal.runners.statements.InvokeMethod.evaluate(InvokeMethod.java:17) [junit-4.12.jar:4.12]
	at org.junit.runners.ParentRunner.runLeaf(ParentRunner.java:325) [junit-4.12.jar:4.12]
	at org.junit.runners.BlockJUnit4ClassRunner.runChild(BlockJUnit4ClassRunner.java:78) [junit-4.12.jar:4.12]
	at org.junit.runners.BlockJUnit4ClassRunner.runChild(BlockJUnit4ClassRunner.java:57) [junit-4.12.jar:4.12]
	at org.junit.runners.ParentRunner$3.run(ParentRunner.java:290) [junit-4.12.jar:4.12]
	at org.junit.runners.ParentRunner$1.schedule(ParentRunner.java:71) [junit-4.12.jar:4.12]
	at org.junit.runners.ParentRunner.runChildren(ParentRunner.java:288) [junit-4.12.jar:4.12]
	at org.junit.runners.ParentRunner.access$000(ParentRunner.java:58) [junit-4.12.jar:4.12]
	at org.junit.runners.ParentRunner$2.evaluate(ParentRunner.java:268) [junit-4.12.jar:4.12]
	at org.junit.runners.ParentRunner.run(ParentRunner.java:363) [junit-4.12.jar:4.12]
	at org.apache.maven.surefire.junit4.JUnit4Provider.execute(JUnit4Provider.java:252) [surefire-junit4-2.12.4.jar:2.12.4]
	at org.apache.maven.surefire.junit4.JUnit4Provider.executeTestSet(JUnit4Provider.java:141) [surefire-junit4-2.12.4.jar:2.12.4]
	at org.apache.maven.surefire.junit4.JUnit4Provider.invoke(JUnit4Provider.java:112) [surefire-junit4-2.12.4.jar:2.12.4]
	at sun.reflect.NativeMethodAccessorImpl.invoke0(Native Method) ~[na:1.8.0_151]
	at sun.reflect.NativeMethodAccessorImpl.invoke(NativeMethodAccessorImpl.java:62) ~[na:1.8.0_151]
	at sun.reflect.DelegatingMethodAccessorImpl.invoke(DelegatingMethodAccessorImpl.java:43) ~[na:1.8.0_151]
	at java.lang.reflect.Method.invoke(Method.java:498) ~[na:1.8.0_151]
	at org.apache.maven.surefire.util.ReflectionUtils.invokeMethodWithArray(ReflectionUtils.java:189) [surefire-api-2.12.4.jar:2.12.4]
	at org.apache.maven.surefire.booter.ProviderFactory$ProviderProxy.invoke(ProviderFactory.java:165) [surefire-booter-2.12.4.jar:2.12.4]
	at org.apache.maven.surefire.booter.ProviderFactory.invokeProvider(ProviderFactory.java:85) [surefire-booter-2.12.4.jar:2.12.4]
	at org.apache.maven.surefire.booter.ForkedBooter.runSuitesInProcess(ForkedBooter.java:115) [surefire-booter-2.12.4.jar:2.12.4]
	at org.apache.maven.surefire.booter.ForkedBooter.main(ForkedBooter.java:75) [surefire-booter-2.12.4.jar:2.12.4]
2020-12-17 15:47:14,951 [sms-sender1-thread-3] DEBUG alarm - NONE mock! users: [yihui], title: NPE??, msg:  ip:169.254.116.152 >>> key:NPE >>> ???:1 >>> ??NPE???!!!
2020-12-17 15:47:14,950 [sms-sender1-thread-2] DEBUG alarm - NONE mock! users: [yihui], title: SelfAlarmConfLoader??, msg: ???????!
2020-12-17 15:47:14,950 [sms-sender1-thread-1] DEBUG alarm - NONE mock! users: [yihui], title: ????ConfLoader??, msg: ???????!
2020-12-17 15:47:14,951 [sms-sender1-thread-3] DEBUG alarm - NONE mock! users: [yihui], title: ???xxx????, msg:  ip:169.254.116.152 >>> key:zzz >>> ???:1 >>> ??????
2020-12-17 16:58:19,972 [main] ERROR com.hust.hui.alarm.core.loader.helper.RegisterInfoLoaderHelper - load register info error: {}
java.lang.NumberFormatException: null
	at java.lang.Integer.parseInt(Integer.java:542) ~[na:1.8.0_151]
	at java.lang.Integer.valueOf(Integer.java:766) ~[na:1.8.0_151]
	at com.hust.hui.alarm.core.loader.util.PropertiesUtil.parseObj(PropertiesUtil.java:58) ~[classes/:na]
	at com.hust.hui.alarm.core.loader.util.PropertiesUtil.copy(PropertiesUtil.java:52) ~[classes/:na]
	at com.hust.hui.alarm.core.loader.helper.RegisterInfoLoaderHelper.load(RegisterInfoLoaderHelper.java:32) ~[classes/:na]
	at com.hust.hui.alarm.core.loader.spi.PropertiesConfLoader.load(PropertiesConfLoader.java:35) [classes/:na]
	at com.hust.hui.alarm.core.loader.ConfLoaderFactory.initConfLoader(ConfLoaderFactory.java:42) [classes/:na]
	at com.hust.hui.alarm.core.loader.ConfLoaderFactory.loader(ConfLoaderFactory.java:19) [classes/:na]
	at com.hust.hui.alarm.core.AlarmWrapper.<init>(AlarmWrapper.java:53) [classes/:na]
	at com.hust.hui.alarm.core.AlarmWrapper.<init>(AlarmWrapper.java:24) [classes/:na]
	at com.hust.hui.alarm.core.AlarmWrapper$InnerInstance.<clinit>(AlarmWrapper.java:43) [classes/:na]
	at com.hust.hui.alarm.core.AlarmWrapper.getInstance(AlarmWrapper.java:38) [classes/:na]
	at com.hust.hui.alarm.core.test.AlarmTest.testMultiConfLoader(AlarmTest.java:32) [test-classes/:na]
	at sun.reflect.NativeMethodAccessorImpl.invoke0(Native Method) ~[na:1.8.0_151]
	at sun.reflect.NativeMethodAccessorImpl.invoke(NativeMethodAccessorImpl.java:62) ~[na:1.8.0_151]
	at sun.reflect.DelegatingMethodAccessorImpl.invoke(DelegatingMethodAccessorImpl.java:43) ~[na:1.8.0_151]
	at java.lang.reflect.Method.invoke(Method.java:498) ~[na:1.8.0_151]
	at org.junit.runners.model.FrameworkMethod$1.runReflectiveCall(FrameworkMethod.java:50) [junit-4.12.jar:4.12]
	at org.junit.internal.runners.model.ReflectiveCallable.run(ReflectiveCallable.java:12) [junit-4.12.jar:4.12]
	at org.junit.runners.model.FrameworkMethod.invokeExplosively(FrameworkMethod.java:47) [junit-4.12.jar:4.12]
	at org.junit.internal.runners.statements.InvokeMethod.evaluate(InvokeMethod.java:17) [junit-4.12.jar:4.12]
	at org.junit.runners.ParentRunner.runLeaf(ParentRunner.java:325) [junit-4.12.jar:4.12]
	at org.junit.runners.BlockJUnit4ClassRunner.runChild(BlockJUnit4ClassRunner.java:78) [junit-4.12.jar:4.12]
	at org.junit.runners.BlockJUnit4ClassRunner.runChild(BlockJUnit4ClassRunner.java:57) [junit-4.12.jar:4.12]
	at org.junit.runners.ParentRunner$3.run(ParentRunner.java:290) [junit-4.12.jar:4.12]
	at org.junit.runners.ParentRunner$1.schedule(ParentRunner.java:71) [junit-4.12.jar:4.12]
	at org.junit.runners.ParentRunner.runChildren(ParentRunner.java:288) [junit-4.12.jar:4.12]
	at org.junit.runners.ParentRunner.access$000(ParentRunner.java:58) [junit-4.12.jar:4.12]
	at org.junit.runners.ParentRunner$2.evaluate(ParentRunner.java:268) [junit-4.12.jar:4.12]
	at org.junit.runners.ParentRunner.run(ParentRunner.java:363) [junit-4.12.jar:4.12]
	at org.apache.maven.surefire.junit4.JUnit4Provider.execute(JUnit4Provider.java:252) [surefire-junit4-2.12.4.jar:2.12.4]
	at org.apache.maven.surefire.junit4.JUnit4Provider.executeTestSet(JUnit4Provider.java:141) [surefire-junit4-2.12.4.jar:2.12.4]
	at org.apache.maven.surefire.junit4.JUnit4Provider.invoke(JUnit4Provider.java:112) [surefire-junit4-2.12.4.jar:2.12.4]
	at sun.reflect.NativeMethodAccessorImpl.invoke0(Native Method) ~[na:1.8.0_151]
	at sun.reflect.NativeMethodAccessorImpl.invoke(NativeMethodAccessorImpl.java:62) ~[na:1.8.0_151]
	at sun.reflect.DelegatingMethodAccessorImpl.invoke(DelegatingMethodAccessorImpl.java:43) ~[na:1.8.0_151]
	at java.lang.reflect.Method.invoke(Method.java:498) ~[na:1.8.0_151]
	at org.apache.maven.surefire.util.ReflectionUtils.invokeMethodWithArray(ReflectionUtils.java:189) [surefire-api-2.12.4.jar:2.12.4]
	at org.apache.maven.surefire.booter.ProviderFactory$ProviderProxy.invoke(ProviderFactory.java:165) [surefire-booter-2.12.4.jar:2.12.4]
	at org.apache.maven.surefire.booter.ProviderFactory.invokeProvider(ProviderFactory.java:85) [surefire-booter-2.12.4.jar:2.12.4]
	at org.apache.maven.surefire.booter.ForkedBooter.runSuitesInProcess(ForkedBooter.java:115) [surefire-booter-2.12.4.jar:2.12.4]
	at org.apache.maven.surefire.booter.ForkedBooter.main(ForkedBooter.java:75) [surefire-booter-2.12.4.jar:2.12.4]
2020-12-17 16:58:19,992 [main] ERROR com.hust.hui.alarm.core.AlarmWrapper - AlarmWrapper.sendMsg error! content:AlarmWrapper.AlarmContent(key=XXX, title=????ConfLoader??, content=???????!, count=1, alarmUser=null, template=???{3}), e:{}
com.hust.hui.alarm.core.exception.DuplicatedAlarmExecuteDefinedException: duplicated alarm executor defined!
>>name:EMAIL>>>clz:class com.hust.hui.alarm.core.execut.spi.EmailExecute>>>clz:com.hust.hui.alarm.core.test.execute.EmailExecute@26aa12dd
2020-12-17 16:58:19,995 [main] ERROR com.hust.hui.alarm.core.AlarmWrapper - AlarmWrapper.sendMsg error! content:AlarmWrapper.AlarmContent(key=TTT, title=SelfAlarmConfLoader??, content=???????!, count=1, alarmUser=null, template=???{3}), e:{}
com.hust.hui.alarm.core.exception.DuplicatedAlarmExecuteDefinedException: duplicated alarm executor defined!
>>name:EMAIL>>>clz:class com.hust.hui.alarm.core.execut.spi.EmailExecute>>>clz:com.hust.hui.alarm.core.test.execute.EmailExecute@23faf8f2
2020-12-17 16:58:19,998 [main] ERROR com.hust.hui.alarm.core.AlarmWrapper - AlarmWrapper.sendMsg error! content:AlarmWrapper.AlarmContent(key=NPE, title=NPE??, content= ip:169.254.116.152 >>> key:NPE >>> ???:1 >>> ??NPE???!!!, count=1, alarmUser=null, template= ip:{0} >>> key:{1} >>> ???:{2} >>> {3}), e:{}
com.hust.hui.alarm.core.exception.DuplicatedAlarmExecuteDefinedException: duplicated alarm executor defined!
>>name:EMAIL>>>clz:class com.hust.hui.alarm.core.execut.spi.EmailExecute>>>clz:com.hust.hui.alarm.core.test.execute.EmailExecute@64729b1e
2020-12-17 16:58:19,999 [main] ERROR com.hust.hui.alarm.core.AlarmWrapper - AlarmWrapper.sendMsg error! content:AlarmWrapper.AlarmContent(key=zzz, title=???xxx????, content= ip:169.254.116.152 >>> key:zzz >>> ???:1 >>> ??????, count=1, alarmUser=null, template= ip:{0} >>> key:{1} >>> ???:{2} >>> {3}), e:{}
com.hust.hui.alarm.core.exception.DuplicatedAlarmExecuteDefinedException: duplicated alarm executor defined!
>>name:EMAIL>>>clz:class com.hust.hui.alarm.core.execut.spi.EmailExecute>>>clz:com.hust.hui.alarm.core.test.execute.EmailExecute@10bbd20a
